<?xml version="1.0" encoding="UTF-8"?>
<!-- Generated by org.testng.reporters.JUnitReportReporter -->
<testsuite skipped="0" hostname="LAPTOP-KE07SMCV" name="testClasses.LoginTestCases2" tests="1" failures="0" timestamp="2022-02-06T13:29:46 IST" time="9.566" errors="0">
  <testcase name="verifyUser" time="9.566" classname="testClasses.LoginTestCases2"/>
  <system-out/>
</testsuite> <!-- testClasses.LoginTestCases2 -->
