<?xml version="1.0" encoding="UTF-8"?>
<!-- Generated by org.testng.reporters.JUnitReportReporter -->
<testsuite skipped="0" hostname="LAPTOP-KE07SMCV" name="testClasses.LoginTestCases1" tests="3" failures="0" timestamp="2022-03-30T11:47:41 IST" time="6.040" errors="0">
  <testcase name="TC03" time="1.043" classname="testClasses.LoginTestCases1"/>
  <system-out/>
  <testcase name="TC02" time="2.606" classname="testClasses.LoginTestCases1"/>
  <system-out/>
  <testcase name="TC01" time="2.391" classname="testClasses.LoginTestCases1"/>
  <system-out/>
</testsuite> <!-- testClasses.LoginTestCases1 -->
